<?xml version="1.0" encoding="UTF-8"?>
<!-- Generated by org.testng.reporters.JUnitReportReporter -->
<testsuite skipped="0" hostname="DESKTOP-PFKHA3E" name="com.bhavin.testCases.TestCase_01_ValidateRegistrationDoneSuccessfully" tests="1" failures="0" timestamp="2019-11-21T00:03:31 IST" time="25.897" errors="0">
  <testcase name="validateRegistrationDoneSuccessfully" time="25.897" classname="com.bhavin.testCases.TestCase_01_ValidateRegistrationDoneSuccessfully"/>
</testsuite> <!-- com.bhavin.testCases.TestCase_01_ValidateRegistrationDoneSuccessfully -->
