<?xml version="1.0" encoding="UTF-8"?>
<!-- Generated by org.testng.reporters.JUnitReportReporter -->
<testsuite skipped="0" hostname="DESKTOP-PFKHA3E" name="com.bhavin.testCases.TestCase_03_ValidateRegisterButtonShouldBeDisabledIfPasswordCriteriaNotFulFiiled" tests="1" failures="0" timestamp="2019-11-21T00:03:31 IST" time="21.336" errors="0">
  <testcase name="validateRegisterButtonShouldBeDisabledIfPasswordCriteriaNotFulFiiled" time="21.336" classname="com.bhavin.testCases.TestCase_03_ValidateRegisterButtonShouldBeDisabledIfPasswordCriteriaNotFulFiiled"/>
</testsuite> <!-- com.bhavin.testCases.TestCase_03_ValidateRegisterButtonShouldBeDisabledIfPasswordCriteriaNotFulFiiled -->
